<?xml version="1.0" encoding="UTF-8"?>
<testsuite name="simplecalculatorTest" tests="1" skipped="0" failures="0" errors="0" timestamp="2022-12-08T11:09:10" hostname="DESKTOP-I0QLMGU" time="0.013">
  <properties/>
  <testcase name="test_if_caculator_add_is_working()" classname="simplecalculatorTest" time="0.013"/>
  <system-out><![CDATA[]]></system-out>
  <system-err><![CDATA[]]></system-err>
</testsuite>
